2.2948 	WARNING 	We strongly recommend you activate the PTB sound engine in PsychoPy prefs as the preferred audio engine. Its timing is vastly superior. Your prefs are currently set to use ['sounddevice', 'PTB', 'pyo', 'pygame'] (in that order).
18.3651 	WARNING 	User requested fullscreen with size [1024  768], but screen is actually [1366, 768]. Using actual size
21.6337 	EXP 	Created window1 = Window(allowGUI=True, allowStencil=False, autoLog=True, backendConf=UNKNOWN, bitsMode=UNKNOWN, blendMode='avg', bpc=(8, 8, 8), color=array([0, 0, 0]), colorSpace='rgb', depthBits=8, fullscr=<method-wrapper '__getattribute__' of attributeSetter object at 0x00000207960CCD60>, gamma=None, gammaErrorPolicy='raise', lms=UNKNOWN, monitor=<psychopy.monitors.calibTools.Monitor object at 0x00000207980AF520>, multiSample=False, name='window1', numSamples=2, pos=(0, 0), screen=0, size=array([1366,  768]), stencilBits=0, stereo=False, units='height', useFBO=True, useRetina=False, viewOri=0.0, viewPos=None, viewScale=None, waitBlanking=True, winType='pyglet')
21.6339 	EXP 	window1: mouseVisible = True
21.6341 	EXP 	window1: mouseVisible = False
21.6342 	EXP 	window1: Attempting to measure frame rate of screen (0) ...
21.6342 	EXP 	window1: recordFrameIntervals = False
21.7996 	EXP 	window1: recordFrameIntervals = True
21.9828 	EXP 	Screen (0) actual frame rate measured at 59.89Hz
21.9828 	EXP 	window1: recordFrameIntervals = False
25.2539 	EXP 	Created fixation = ShapeStim(__class__=<class 'psychopy.visual.shape.ShapeStim'>, anchor=('center', 'center'), autoDraw=False, autoLog=True, closeShape=True, color=method-wrapper(...), colorSpace='rgb', contrast=None, depth=-1.0, fillColor=array([1, 1, 1]), fillColorSpace='rgb', fillRGB=array([1, 1, 1]), interpolate=True, lineColor=array([1, 1, 1]), lineColorSpace='rgb', lineRGB=array([1, 1, 1]), lineWidth=1.0, name='fixation', opacity=1.0, ori=0.0, pos=array([0., 0.]), size=array([10., 10.]), units='pix', vertices=ndarray(...), win=Window(...), windingRule=None)
25.3832 	EXP 	Created grating = GratingStim(__class__=<class 'psychopy.visual.grating.GratingStim'>, anchor='center', autoDraw=False, autoLog=True, blendmode='avg', color=array([1, 1, 1]), colorSpace='rgb', contrast=1.0, depth=-2.0, interpolate=True, mask='circle', maskParams=None, name='grating', opacity=1.0, ori=0.0, phase=array([0., 0.]), pos=array([0., 0.]), rgbPedestal=array([0., 0., 0.]), sf=array([5., 5.]), size=array([0.1, 0.1]), tex='sin', texRes=128.0, units='height', win=Window(...))
25.3909 	EXP 	Imported C:/Users/admin/Documents/conditions.xlsx as conditions, 1 conditions, 5 params
26.2673 	EXP 	window1: recordFrameIntervals = False
26.2779 	EXP 	window1: recordFrameIntervals = False
27.3293 	EXP 	fixation: autoDraw = True
27.5020 	EXP 	grating: autoDraw = True
27.5020 	EXP 	grating: tex = 'sin'
27.8165 	EXP 	grating: autoDraw = False
28.3332 	EXP 	fixation: autoDraw = False
40.1635 	EXP 	window1: recordFrameIntervals = False
40.1649 	DATA 	Keypress: right
40.1774 	EXP 	fixation: autoDraw = False
40.1774 	EXP 	grating: autoDraw = False
40.1776 	EXP 	window1: recordFrameIntervals = False
41.1539 	EXP 	fixation: autoDraw = True
42.1607 	EXP 	fixation: autoDraw = False
42.1774 	EXP 	grating: autoDraw = True
42.1774 	EXP 	grating: tex = 'sin'
42.4768 	EXP 	grating: autoDraw = False
42.7125 	EXP 	window1: recordFrameIntervals = False
42.7138 	DATA 	Keypress: left
42.7271 	EXP 	fixation: autoDraw = False
42.7271 	EXP 	grating: autoDraw = False
42.7273 	EXP 	window1: recordFrameIntervals = False
43.7017 	EXP 	fixation: autoDraw = True
44.7097 	EXP 	fixation: autoDraw = False
44.7264 	EXP 	grating: autoDraw = True
44.7264 	EXP 	grating: tex = 'sin'
45.0263 	EXP 	grating: autoDraw = False
45.1782 	EXP 	window1: recordFrameIntervals = False
45.1795 	DATA 	Keypress: left
45.1932 	EXP 	fixation: autoDraw = False
45.1932 	EXP 	grating: autoDraw = False
45.1934 	EXP 	window1: recordFrameIntervals = False
46.1690 	EXP 	fixation: autoDraw = True
47.1756 	EXP 	fixation: autoDraw = False
47.1924 	EXP 	grating: autoDraw = True
47.1924 	EXP 	grating: tex = 'sin'
47.4924 	EXP 	grating: autoDraw = False
47.5110 	EXP 	window1: recordFrameIntervals = False
47.5122 	DATA 	Keypress: right
47.5256 	EXP 	fixation: autoDraw = False
47.5256 	EXP 	grating: autoDraw = False
47.5258 	EXP 	window1: recordFrameIntervals = False
48.5000 	EXP 	fixation: autoDraw = True
49.5084 	EXP 	fixation: autoDraw = False
49.5252 	EXP 	grating: autoDraw = True
49.5252 	EXP 	grating: tex = 'sin'
49.8253 	EXP 	grating: autoDraw = False
49.8940 	EXP 	window1: recordFrameIntervals = False
49.8952 	DATA 	Keypress: right
49.9084 	EXP 	fixation: autoDraw = False
49.9084 	EXP 	grating: autoDraw = False
49.9086 	EXP 	window1: recordFrameIntervals = False
50.8828 	EXP 	fixation: autoDraw = True
51.8915 	EXP 	fixation: autoDraw = False
51.9082 	EXP 	grating: autoDraw = True
51.9082 	EXP 	grating: tex = 'sin'
52.2079 	EXP 	grating: autoDraw = False
52.2933 	EXP 	window1: recordFrameIntervals = False
52.2945 	DATA 	Keypress: left
52.3079 	EXP 	fixation: autoDraw = False
52.3079 	EXP 	grating: autoDraw = False
52.3081 	EXP 	window1: recordFrameIntervals = False
53.2833 	EXP 	fixation: autoDraw = True
54.2909 	EXP 	fixation: autoDraw = False
54.3074 	EXP 	grating: autoDraw = True
54.3074 	EXP 	grating: tex = 'sin'
54.6074 	EXP 	grating: autoDraw = False
54.6256 	EXP 	window1: recordFrameIntervals = False
54.6264 	DATA 	Keypress: right
54.6406 	EXP 	fixation: autoDraw = False
54.6406 	EXP 	grating: autoDraw = False
54.6410 	EXP 	window1: recordFrameIntervals = False
55.6157 	EXP 	fixation: autoDraw = True
56.6234 	EXP 	fixation: autoDraw = False
56.6404 	EXP 	grating: autoDraw = True
56.6404 	EXP 	grating: tex = 'sin'
56.9399 	EXP 	grating: autoDraw = False
56.9423 	EXP 	window1: recordFrameIntervals = False
56.9435 	DATA 	Keypress: left
56.9564 	EXP 	fixation: autoDraw = False
56.9564 	EXP 	grating: autoDraw = False
56.9567 	EXP 	window1: recordFrameIntervals = False
57.9301 	EXP 	fixation: autoDraw = True
58.9397 	EXP 	fixation: autoDraw = False
58.9566 	EXP 	grating: autoDraw = True
58.9566 	EXP 	grating: tex = 'sin'
59.2560 	EXP 	grating: autoDraw = False
59.2749 	EXP 	window1: recordFrameIntervals = False
59.2761 	DATA 	Keypress: right
59.2895 	EXP 	fixation: autoDraw = False
59.2895 	EXP 	grating: autoDraw = False
59.2898 	EXP 	window1: recordFrameIntervals = False
60.2646 	EXP 	fixation: autoDraw = True
61.2720 	EXP 	fixation: autoDraw = False
61.2893 	EXP 	grating: autoDraw = True
61.2893 	EXP 	grating: tex = 'sin'
61.5756 	EXP 	window1: recordFrameIntervals = False
61.5766 	DATA 	Keypress: left
61.5887 	EXP 	grating: autoDraw = False
61.5887 	EXP 	fixation: autoDraw = False
61.5887 	EXP 	grating: autoDraw = False
61.5889 	EXP 	window1: recordFrameIntervals = False
62.5649 	EXP 	fixation: autoDraw = True
63.4574 	DATA 	Keypress: right
63.5719 	EXP 	fixation: autoDraw = False
63.5884 	EXP 	grating: autoDraw = True
63.5884 	EXP 	grating: tex = 'sin'
63.8881 	EXP 	grating: autoDraw = False
67.0226 	EXP 	window1: recordFrameIntervals = False
67.0234 	DATA 	Keypress: right
67.0375 	EXP 	fixation: autoDraw = False
67.0375 	EXP 	grating: autoDraw = False
67.0377 	EXP 	window1: recordFrameIntervals = False
68.0136 	EXP 	fixation: autoDraw = True
69.0202 	EXP 	fixation: autoDraw = False
69.0374 	EXP 	grating: autoDraw = True
69.0374 	EXP 	grating: tex = 'sin'
69.3226 	EXP 	window1: recordFrameIntervals = False
69.3238 	DATA 	Keypress: left
69.3370 	EXP 	grating: autoDraw = False
69.3370 	EXP 	fixation: autoDraw = False
69.3370 	EXP 	grating: autoDraw = False
69.3375 	EXP 	window1: recordFrameIntervals = False
70.3127 	EXP 	fixation: autoDraw = True
71.3198 	EXP 	fixation: autoDraw = False
71.3368 	EXP 	grating: autoDraw = True
71.3368 	EXP 	grating: tex = 'sin'
71.6366 	EXP 	grating: autoDraw = False
71.8390 	EXP 	window1: recordFrameIntervals = False
71.8404 	DATA 	Keypress: right
71.8529 	EXP 	fixation: autoDraw = False
71.8529 	EXP 	grating: autoDraw = False
71.8532 	EXP 	window1: recordFrameIntervals = False
72.8285 	EXP 	fixation: autoDraw = True
73.8361 	EXP 	fixation: autoDraw = False
73.8528 	EXP 	grating: autoDraw = True
73.8528 	EXP 	grating: tex = 'sin'
74.1524 	EXP 	grating: autoDraw = False
74.1549 	EXP 	window1: recordFrameIntervals = False
74.1562 	DATA 	Keypress: right
74.1689 	EXP 	fixation: autoDraw = False
74.1689 	EXP 	grating: autoDraw = False
74.1692 	EXP 	window1: recordFrameIntervals = False
75.1465 	EXP 	fixation: autoDraw = True
76.1515 	EXP 	fixation: autoDraw = False
76.1686 	EXP 	grating: autoDraw = True
76.1686 	EXP 	grating: tex = 'sin'
76.4682 	EXP 	grating: autoDraw = False
76.5542 	EXP 	window1: recordFrameIntervals = False
76.5555 	DATA 	Keypress: right
76.5683 	EXP 	fixation: autoDraw = False
76.5683 	EXP 	grating: autoDraw = False
76.5686 	EXP 	window1: recordFrameIntervals = False
77.3380 	DATA 	Keypress: left
77.5444 	EXP 	fixation: autoDraw = True
78.5513 	EXP 	fixation: autoDraw = False
78.5679 	EXP 	grating: autoDraw = True
78.5679 	EXP 	grating: tex = 'sin'
78.8678 	EXP 	grating: autoDraw = False
78.9042 	EXP 	window1: recordFrameIntervals = False
78.9055 	DATA 	Keypress: right
78.9177 	EXP 	fixation: autoDraw = False
78.9177 	EXP 	grating: autoDraw = False
78.9180 	EXP 	window1: recordFrameIntervals = False
79.8948 	EXP 	fixation: autoDraw = True
80.9010 	EXP 	fixation: autoDraw = False
80.9176 	EXP 	grating: autoDraw = True
80.9176 	EXP 	grating: tex = 'sin'
81.1538 	DATA 	Keypress: left
81.1702 	EXP 	window1: recordFrameIntervals = False
81.1843 	EXP 	fixation: autoDraw = False
81.1843 	EXP 	grating: autoDraw = False
81.1846 	EXP 	window1: recordFrameIntervals = False
82.1589 	EXP 	fixation: autoDraw = True
83.1668 	EXP 	fixation: autoDraw = False
83.1839 	EXP 	grating: autoDraw = True
83.1839 	EXP 	grating: tex = 'sin'
83.4835 	EXP 	grating: autoDraw = False
83.5192 	EXP 	window1: recordFrameIntervals = False
83.5207 	DATA 	Keypress: left
83.5335 	EXP 	fixation: autoDraw = False
83.5335 	EXP 	grating: autoDraw = False
83.5337 	EXP 	window1: recordFrameIntervals = False
84.5092 	EXP 	fixation: autoDraw = True
85.5165 	EXP 	fixation: autoDraw = False
85.5332 	EXP 	grating: autoDraw = True
85.5332 	EXP 	grating: tex = 'sin'
85.8020 	EXP 	window1: recordFrameIntervals = False
85.8032 	DATA 	Keypress: right
85.8163 	EXP 	fixation: autoDraw = False
85.8163 	EXP 	grating: autoDraw = False
85.8166 	EXP 	window1: recordFrameIntervals = False
86.7913 	EXP 	fixation: autoDraw = True
87.7991 	EXP 	fixation: autoDraw = False
87.8159 	EXP 	grating: autoDraw = True
87.8159 	EXP 	grating: tex = 'sin'
88.1158 	EXP 	grating: autoDraw = False
88.2012 	EXP 	window1: recordFrameIntervals = False
88.2024 	DATA 	Keypress: right
88.2156 	EXP 	fixation: autoDraw = False
88.2156 	EXP 	grating: autoDraw = False
88.2158 	EXP 	window1: recordFrameIntervals = False
89.1907 	EXP 	fixation: autoDraw = True
90.1982 	EXP 	fixation: autoDraw = False
90.2155 	EXP 	grating: autoDraw = True
90.2155 	EXP 	grating: tex = 'sin'
90.5149 	EXP 	grating: autoDraw = False
90.6503 	EXP 	window1: recordFrameIntervals = False
90.6516 	DATA 	Keypress: right
90.6647 	EXP 	fixation: autoDraw = False
90.6647 	EXP 	grating: autoDraw = False
90.6649 	EXP 	window1: recordFrameIntervals = False
91.6398 	EXP 	fixation: autoDraw = True
92.6476 	EXP 	fixation: autoDraw = False
92.6647 	EXP 	grating: autoDraw = True
92.6647 	EXP 	grating: tex = 'sin'
92.9642 	EXP 	grating: autoDraw = False
93.0329 	EXP 	window1: recordFrameIntervals = False
93.0341 	DATA 	Keypress: left
93.0475 	EXP 	fixation: autoDraw = False
93.0475 	EXP 	grating: autoDraw = False
93.0477 	EXP 	window1: recordFrameIntervals = False
94.0230 	EXP 	fixation: autoDraw = True
95.0303 	EXP 	fixation: autoDraw = False
95.0475 	EXP 	grating: autoDraw = True
95.0475 	EXP 	grating: tex = 'sin'
95.3470 	EXP 	grating: autoDraw = False
95.3828 	EXP 	window1: recordFrameIntervals = False
95.3840 	DATA 	Keypress: left
95.3972 	EXP 	fixation: autoDraw = False
95.3972 	EXP 	grating: autoDraw = False
95.3974 	EXP 	window1: recordFrameIntervals = False
96.3730 	EXP 	fixation: autoDraw = True
97.3798 	EXP 	fixation: autoDraw = False
97.3967 	EXP 	grating: autoDraw = True
97.3967 	EXP 	grating: tex = 'sin'
97.6967 	EXP 	grating: autoDraw = False
97.7826 	EXP 	window1: recordFrameIntervals = False
97.7838 	DATA 	Keypress: left
97.7964 	EXP 	fixation: autoDraw = False
97.7964 	EXP 	grating: autoDraw = False
97.7967 	EXP 	window1: recordFrameIntervals = False
98.7718 	EXP 	fixation: autoDraw = True
99.7794 	EXP 	fixation: autoDraw = False
99.7960 	EXP 	grating: autoDraw = True
99.7960 	EXP 	grating: tex = 'sin'
100.0960 	EXP 	grating: autoDraw = False
100.2480 	EXP 	window1: recordFrameIntervals = False
100.2492 	DATA 	Keypress: left
100.2625 	EXP 	fixation: autoDraw = False
100.2625 	EXP 	grating: autoDraw = False
100.2627 	EXP 	window1: recordFrameIntervals = False
101.2372 	EXP 	fixation: autoDraw = True
102.2452 	EXP 	fixation: autoDraw = False
102.2622 	EXP 	grating: autoDraw = True
102.2622 	EXP 	grating: tex = 'sin'
102.5620 	EXP 	grating: autoDraw = False
102.7144 	EXP 	window1: recordFrameIntervals = False
102.7157 	DATA 	Keypress: left
102.7284 	EXP 	fixation: autoDraw = False
102.7284 	EXP 	grating: autoDraw = False
102.7286 	EXP 	window1: recordFrameIntervals = False
103.7046 	EXP 	fixation: autoDraw = True
104.7114 	EXP 	fixation: autoDraw = False
104.7285 	EXP 	grating: autoDraw = True
104.7285 	EXP 	grating: tex = 'sin'
105.0280 	EXP 	grating: autoDraw = False
105.1132 	EXP 	window1: recordFrameIntervals = False
105.1145 	DATA 	Keypress: left
105.1283 	EXP 	fixation: autoDraw = False
105.1283 	EXP 	grating: autoDraw = False
105.1285 	EXP 	window1: recordFrameIntervals = False
106.1030 	EXP 	fixation: autoDraw = True
107.1107 	EXP 	fixation: autoDraw = False
107.1276 	EXP 	grating: autoDraw = True
107.1276 	EXP 	grating: tex = 'sin'
107.4276 	EXP 	grating: autoDraw = False
107.5306 	EXP 	window1: recordFrameIntervals = False
107.5319 	DATA 	Keypress: right
107.5439 	EXP 	fixation: autoDraw = False
107.5439 	EXP 	grating: autoDraw = False
107.5441 	EXP 	window1: recordFrameIntervals = False
108.5199 	EXP 	fixation: autoDraw = True
109.5270 	EXP 	fixation: autoDraw = False
109.5439 	EXP 	grating: autoDraw = True
109.5439 	EXP 	grating: tex = 'sin'
109.8435 	EXP 	grating: autoDraw = False
109.9795 	EXP 	window1: recordFrameIntervals = False
109.9808 	DATA 	Keypress: left
109.9936 	EXP 	fixation: autoDraw = False
109.9936 	EXP 	grating: autoDraw = False
109.9938 	EXP 	window1: recordFrameIntervals = False
110.9694 	EXP 	fixation: autoDraw = True
111.9761 	EXP 	fixation: autoDraw = False
111.9928 	EXP 	grating: autoDraw = True
111.9928 	EXP 	grating: tex = 'sin'
112.2926 	EXP 	grating: autoDraw = False
112.3617 	EXP 	window1: recordFrameIntervals = False
112.3630 	DATA 	Keypress: right
112.3763 	EXP 	fixation: autoDraw = False
112.3763 	EXP 	grating: autoDraw = False
112.3765 	EXP 	window1: recordFrameIntervals = False
113.3509 	EXP 	fixation: autoDraw = True
114.3589 	EXP 	fixation: autoDraw = False
114.3759 	EXP 	grating: autoDraw = True
114.3759 	EXP 	grating: tex = 'sin'
114.6756 	EXP 	grating: autoDraw = False
114.8116 	EXP 	window1: recordFrameIntervals = False
114.8128 	DATA 	Keypress: left
114.8255 	EXP 	fixation: autoDraw = False
114.8255 	EXP 	grating: autoDraw = False
114.8257 	EXP 	window1: recordFrameIntervals = False
115.8014 	EXP 	fixation: autoDraw = True
116.8082 	EXP 	fixation: autoDraw = False
116.8255 	EXP 	grating: autoDraw = True
116.8255 	EXP 	grating: tex = 'sin'
117.1250 	EXP 	grating: autoDraw = False
117.2605 	EXP 	window1: recordFrameIntervals = False
117.2620 	DATA 	Keypress: left
117.2749 	EXP 	fixation: autoDraw = False
117.2749 	EXP 	grating: autoDraw = False
117.2751 	EXP 	window1: recordFrameIntervals = False
118.2504 	EXP 	fixation: autoDraw = True
119.2580 	EXP 	fixation: autoDraw = False
119.2748 	EXP 	grating: autoDraw = True
119.2748 	EXP 	grating: tex = 'sin'
119.5743 	EXP 	grating: autoDraw = False
119.6268 	EXP 	window1: recordFrameIntervals = False
119.6282 	DATA 	Keypress: right
119.6412 	EXP 	fixation: autoDraw = False
119.6412 	EXP 	grating: autoDraw = False
119.6414 	EXP 	window1: recordFrameIntervals = False
120.6160 	EXP 	fixation: autoDraw = True
121.6239 	EXP 	fixation: autoDraw = False
121.6405 	EXP 	grating: autoDraw = True
121.6405 	EXP 	grating: tex = 'sin'
121.9405 	EXP 	grating: autoDraw = False
122.0095 	EXP 	window1: recordFrameIntervals = False
122.0110 	DATA 	Keypress: left
122.0236 	EXP 	fixation: autoDraw = False
122.0236 	EXP 	grating: autoDraw = False
122.0239 	EXP 	window1: recordFrameIntervals = False
122.9979 	EXP 	fixation: autoDraw = True
124.0065 	EXP 	fixation: autoDraw = False
124.0234 	EXP 	grating: autoDraw = True
124.0234 	EXP 	grating: tex = 'sin'
124.3234 	EXP 	grating: autoDraw = False
124.3587 	EXP 	window1: recordFrameIntervals = False
124.3600 	DATA 	Keypress: right
124.3733 	EXP 	fixation: autoDraw = False
124.3733 	EXP 	grating: autoDraw = False
124.3735 	EXP 	window1: recordFrameIntervals = False
125.3483 	EXP 	fixation: autoDraw = True
126.3560 	EXP 	fixation: autoDraw = False
126.3729 	EXP 	grating: autoDraw = True
126.3729 	EXP 	grating: tex = 'sin'
126.6724 	EXP 	grating: autoDraw = False
126.7084 	EXP 	window1: recordFrameIntervals = False
126.7096 	DATA 	Keypress: left
126.7222 	EXP 	fixation: autoDraw = False
126.7222 	EXP 	grating: autoDraw = False
126.7225 	EXP 	window1: recordFrameIntervals = False
127.6982 	EXP 	fixation: autoDraw = True
128.7050 	EXP 	fixation: autoDraw = False
128.7220 	EXP 	grating: autoDraw = True
128.7220 	EXP 	grating: tex = 'sin'
129.0222 	EXP 	grating: autoDraw = False
129.0578 	EXP 	window1: recordFrameIntervals = False
129.0592 	DATA 	Keypress: right
129.0717 	EXP 	fixation: autoDraw = False
129.0717 	EXP 	grating: autoDraw = False
129.0720 	EXP 	window1: recordFrameIntervals = False
130.0484 	EXP 	fixation: autoDraw = True
131.0547 	EXP 	fixation: autoDraw = False
131.0719 	EXP 	grating: autoDraw = True
131.0719 	EXP 	grating: tex = 'sin'
131.3714 	EXP 	grating: autoDraw = False
131.5572 	EXP 	window1: recordFrameIntervals = False
131.5585 	DATA 	Keypress: right
131.5710 	EXP 	fixation: autoDraw = False
131.5710 	EXP 	grating: autoDraw = False
131.5713 	EXP 	window1: recordFrameIntervals = False
132.5472 	EXP 	fixation: autoDraw = True
133.5540 	EXP 	fixation: autoDraw = False
133.5708 	EXP 	grating: autoDraw = True
133.5708 	EXP 	grating: tex = 'sin'
133.8708 	EXP 	grating: autoDraw = False
134.0730 	EXP 	window1: recordFrameIntervals = False
134.0744 	DATA 	Keypress: right
134.0873 	EXP 	fixation: autoDraw = False
134.0873 	EXP 	grating: autoDraw = False
134.0875 	EXP 	window1: recordFrameIntervals = False
135.0626 	EXP 	fixation: autoDraw = True
136.0701 	EXP 	fixation: autoDraw = False
136.0870 	EXP 	grating: autoDraw = True
136.0870 	EXP 	grating: tex = 'sin'
136.3866 	EXP 	grating: autoDraw = False
136.4558 	EXP 	window1: recordFrameIntervals = False
136.4571 	DATA 	Keypress: left
136.4703 	EXP 	fixation: autoDraw = False
136.4703 	EXP 	grating: autoDraw = False
136.4706 	EXP 	window1: recordFrameIntervals = False
137.4456 	EXP 	fixation: autoDraw = True
138.4530 	EXP 	fixation: autoDraw = False
138.4695 	EXP 	grating: autoDraw = True
138.4695 	EXP 	grating: tex = 'sin'
138.7696 	EXP 	grating: autoDraw = False
138.9720 	EXP 	window1: recordFrameIntervals = False
138.9734 	DATA 	Keypress: left
138.9862 	EXP 	fixation: autoDraw = False
138.9862 	EXP 	grating: autoDraw = False
138.9865 	EXP 	window1: recordFrameIntervals = False
139.9607 	EXP 	fixation: autoDraw = True
140.9689 	EXP 	fixation: autoDraw = False
140.9860 	EXP 	grating: autoDraw = True
140.9860 	EXP 	grating: tex = 'sin'
141.2852 	EXP 	grating: autoDraw = False
141.4546 	EXP 	window1: recordFrameIntervals = False
141.4559 	DATA 	Keypress: right
141.4690 	EXP 	fixation: autoDraw = False
141.4690 	EXP 	grating: autoDraw = False
141.4692 	EXP 	window1: recordFrameIntervals = False
142.4466 	EXP 	fixation: autoDraw = True
143.4518 	EXP 	fixation: autoDraw = False
143.4685 	EXP 	grating: autoDraw = True
143.4685 	EXP 	grating: tex = 'sin'
143.7684 	EXP 	grating: autoDraw = False
143.9037 	EXP 	window1: recordFrameIntervals = False
143.9050 	DATA 	Keypress: right
143.9184 	EXP 	fixation: autoDraw = False
143.9184 	EXP 	grating: autoDraw = False
143.9187 	EXP 	window1: recordFrameIntervals = False
144.8933 	EXP 	fixation: autoDraw = True
145.9011 	EXP 	fixation: autoDraw = False
145.9180 	EXP 	grating: autoDraw = True
145.9180 	EXP 	grating: tex = 'sin'
146.2177 	EXP 	grating: autoDraw = False
146.3535 	EXP 	window1: recordFrameIntervals = False
146.3547 	DATA 	Keypress: left
146.3674 	EXP 	fixation: autoDraw = False
146.3674 	EXP 	grating: autoDraw = False
146.3676 	EXP 	window1: recordFrameIntervals = False
147.3429 	EXP 	fixation: autoDraw = True
148.3502 	EXP 	fixation: autoDraw = False
148.3675 	EXP 	grating: autoDraw = True
148.3675 	EXP 	grating: tex = 'sin'
148.6670 	EXP 	grating: autoDraw = False
149.0692 	EXP 	window1: recordFrameIntervals = False
149.0705 	DATA 	Keypress: right
149.0837 	EXP 	fixation: autoDraw = False
149.0837 	EXP 	grating: autoDraw = False
149.0839 	EXP 	window1: recordFrameIntervals = False
150.0599 	EXP 	fixation: autoDraw = True
151.0664 	EXP 	fixation: autoDraw = False
151.0836 	EXP 	grating: autoDraw = True
151.0836 	EXP 	grating: tex = 'sin'
151.3832 	EXP 	grating: autoDraw = False
151.5183 	EXP 	window1: recordFrameIntervals = False
151.5196 	DATA 	Keypress: left
151.5333 	EXP 	fixation: autoDraw = False
151.5333 	EXP 	grating: autoDraw = False
151.5335 	EXP 	window1: recordFrameIntervals = False
152.5087 	EXP 	fixation: autoDraw = True
153.5156 	EXP 	fixation: autoDraw = False
153.5329 	EXP 	grating: autoDraw = True
153.5329 	EXP 	grating: tex = 'sin'
153.8322 	EXP 	grating: autoDraw = False
153.9847 	EXP 	window1: recordFrameIntervals = False
153.9859 	DATA 	Keypress: right
153.9993 	EXP 	fixation: autoDraw = False
153.9993 	EXP 	grating: autoDraw = False
153.9996 	EXP 	window1: recordFrameIntervals = False
154.7701 	DATA 	Keypress: right
154.9749 	EXP 	fixation: autoDraw = True
155.9817 	EXP 	fixation: autoDraw = False
155.9985 	EXP 	grating: autoDraw = True
155.9985 	EXP 	grating: tex = 'sin'
156.2985 	EXP 	grating: autoDraw = False
156.4513 	EXP 	window1: recordFrameIntervals = False
156.4528 	DATA 	Keypress: left
156.4652 	EXP 	fixation: autoDraw = False
156.4652 	EXP 	grating: autoDraw = False
156.4655 	EXP 	window1: recordFrameIntervals = False
157.4416 	EXP 	fixation: autoDraw = True
158.4481 	EXP 	fixation: autoDraw = False
158.4648 	EXP 	grating: autoDraw = True
158.4648 	EXP 	grating: tex = 'sin'
158.7643 	EXP 	grating: autoDraw = False
158.8831 	EXP 	window1: recordFrameIntervals = False
158.8857 	DATA 	Keypress: left
158.8979 	EXP 	fixation: autoDraw = False
158.8979 	EXP 	grating: autoDraw = False
158.8981 	EXP 	window1: recordFrameIntervals = False
159.8734 	EXP 	fixation: autoDraw = True
160.8809 	EXP 	fixation: autoDraw = False
160.8972 	EXP 	grating: autoDraw = True
160.8972 	EXP 	grating: tex = 'sin'
161.1974 	EXP 	grating: autoDraw = False
161.3496 	DATA 	Keypress: right
161.3661 	EXP 	window1: recordFrameIntervals = False
161.3804 	EXP 	fixation: autoDraw = False
161.3804 	EXP 	grating: autoDraw = False
161.3807 	EXP 	window1: recordFrameIntervals = False
162.3555 	EXP 	fixation: autoDraw = True
163.3635 	EXP 	fixation: autoDraw = False
163.3800 	EXP 	grating: autoDraw = True
163.3800 	EXP 	grating: tex = 'sin'
163.6798 	EXP 	grating: autoDraw = False
163.8657 	EXP 	window1: recordFrameIntervals = False
163.8670 	DATA 	Keypress: right
163.8796 	EXP 	fixation: autoDraw = False
163.8796 	EXP 	grating: autoDraw = False
163.8798 	EXP 	window1: recordFrameIntervals = False
164.8560 	EXP 	fixation: autoDraw = True
165.8628 	EXP 	fixation: autoDraw = False
165.8793 	EXP 	grating: autoDraw = True
165.8793 	EXP 	grating: tex = 'sin'
166.1791 	EXP 	grating: autoDraw = False
166.4475 	EXP 	window1: recordFrameIntervals = False
166.4482 	DATA 	Keypress: right
166.4625 	EXP 	fixation: autoDraw = False
166.4625 	EXP 	grating: autoDraw = False
166.4627 	EXP 	window1: recordFrameIntervals = False
167.4378 	EXP 	fixation: autoDraw = True
168.4454 	EXP 	fixation: autoDraw = False
168.4622 	EXP 	grating: autoDraw = True
168.4622 	EXP 	grating: tex = 'sin'
168.7622 	EXP 	grating: autoDraw = False
168.9308 	EXP 	window1: recordFrameIntervals = False
168.9320 	DATA 	Keypress: right
168.9452 	EXP 	fixation: autoDraw = False
168.9452 	EXP 	grating: autoDraw = False
168.9455 	EXP 	window1: recordFrameIntervals = False
169.9209 	EXP 	fixation: autoDraw = True
170.9282 	EXP 	fixation: autoDraw = False
170.9451 	EXP 	grating: autoDraw = True
170.9451 	EXP 	grating: tex = 'sin'
171.2449 	EXP 	grating: autoDraw = False
171.3973 	DATA 	Keypress: left
171.4136 	EXP 	window1: recordFrameIntervals = False
171.4280 	EXP 	fixation: autoDraw = False
171.4280 	EXP 	grating: autoDraw = False
171.4282 	EXP 	window1: recordFrameIntervals = False
172.4027 	EXP 	fixation: autoDraw = True
173.4107 	EXP 	fixation: autoDraw = False
173.4279 	EXP 	grating: autoDraw = True
173.4279 	EXP 	grating: tex = 'sin'
173.7270 	EXP 	grating: autoDraw = False
173.9132 	EXP 	window1: recordFrameIntervals = False
173.9145 	DATA 	Keypress: left
173.9273 	EXP 	fixation: autoDraw = False
173.9273 	EXP 	grating: autoDraw = False
173.9275 	EXP 	window1: recordFrameIntervals = False
174.9030 	EXP 	fixation: autoDraw = True
175.9099 	EXP 	fixation: autoDraw = False
175.9269 	EXP 	grating: autoDraw = True
175.9269 	EXP 	grating: tex = 'sin'
176.2270 	EXP 	grating: autoDraw = False
176.3290 	EXP 	window1: recordFrameIntervals = False
176.3302 	DATA 	Keypress: left
176.3434 	EXP 	fixation: autoDraw = False
176.3434 	EXP 	grating: autoDraw = False
176.3436 	EXP 	window1: recordFrameIntervals = False
177.3184 	EXP 	fixation: autoDraw = True
178.3261 	EXP 	fixation: autoDraw = False
178.3434 	EXP 	grating: autoDraw = True
178.3434 	EXP 	grating: tex = 'sin'
178.6431 	EXP 	grating: autoDraw = False
178.7283 	EXP 	window1: recordFrameIntervals = False
178.7296 	DATA 	Keypress: right
178.7430 	EXP 	fixation: autoDraw = False
178.7430 	EXP 	grating: autoDraw = False
178.7433 	EXP 	window1: recordFrameIntervals = False
179.7183 	EXP 	fixation: autoDraw = True
180.7258 	EXP 	fixation: autoDraw = False
180.7427 	EXP 	grating: autoDraw = True
180.7427 	EXP 	grating: tex = 'sin'
181.0421 	EXP 	grating: autoDraw = False
181.0941 	EXP 	window1: recordFrameIntervals = False
181.0952 	DATA 	Keypress: right
181.1087 	EXP 	fixation: autoDraw = False
181.1087 	EXP 	grating: autoDraw = False
181.1090 	EXP 	window1: recordFrameIntervals = False
182.0845 	EXP 	fixation: autoDraw = True
183.0916 	EXP 	fixation: autoDraw = False
183.1087 	EXP 	grating: autoDraw = True
183.1087 	EXP 	grating: tex = 'sin'
183.4082 	EXP 	grating: autoDraw = False
183.6442 	EXP 	window1: recordFrameIntervals = False
183.6454 	DATA 	Keypress: right
183.6580 	EXP 	fixation: autoDraw = False
183.6580 	EXP 	grating: autoDraw = False
183.6583 	EXP 	window1: recordFrameIntervals = False
184.6349 	EXP 	fixation: autoDraw = True
185.6409 	EXP 	fixation: autoDraw = False
185.6581 	EXP 	grating: autoDraw = True
185.6581 	EXP 	grating: tex = 'sin'
185.9575 	EXP 	grating: autoDraw = False
186.1591 	EXP 	window1: recordFrameIntervals = False
186.1600 	DATA 	Keypress: right
186.1743 	EXP 	fixation: autoDraw = False
186.1743 	EXP 	grating: autoDraw = False
186.1745 	EXP 	window1: recordFrameIntervals = False
187.1476 	EXP 	fixation: autoDraw = True
188.1568 	EXP 	fixation: autoDraw = False
188.1738 	EXP 	grating: autoDraw = True
188.1738 	EXP 	grating: tex = 'sin'
188.4735 	EXP 	grating: autoDraw = False
188.5930 	EXP 	window1: recordFrameIntervals = False
188.5943 	DATA 	Keypress: right
188.6072 	EXP 	fixation: autoDraw = False
188.6072 	EXP 	grating: autoDraw = False
188.6075 	EXP 	window1: recordFrameIntervals = False
189.5824 	EXP 	fixation: autoDraw = True
190.5901 	EXP 	fixation: autoDraw = False
190.6069 	EXP 	grating: autoDraw = True
190.6069 	EXP 	grating: tex = 'sin'
190.9067 	EXP 	grating: autoDraw = False
191.0096 	DATA 	Keypress: left
191.0250 	EXP 	window1: recordFrameIntervals = False
191.0396 	EXP 	fixation: autoDraw = False
191.0396 	EXP 	grating: autoDraw = False
191.0398 	EXP 	window1: recordFrameIntervals = False
192.0141 	EXP 	fixation: autoDraw = True
193.0231 	EXP 	fixation: autoDraw = False
193.0394 	EXP 	grating: autoDraw = True
193.0394 	EXP 	grating: tex = 'sin'
193.3392 	EXP 	grating: autoDraw = False
193.4583 	EXP 	window1: recordFrameIntervals = False
193.4595 	DATA 	Keypress: left
193.4726 	EXP 	fixation: autoDraw = False
193.4726 	EXP 	grating: autoDraw = False
193.4728 	EXP 	window1: recordFrameIntervals = False
194.4492 	EXP 	fixation: autoDraw = True
195.4552 	EXP 	fixation: autoDraw = False
195.4720 	EXP 	grating: autoDraw = True
195.4720 	EXP 	grating: tex = 'sin'
195.7719 	EXP 	grating: autoDraw = False
195.8245 	EXP 	window1: recordFrameIntervals = False
195.8259 	DATA 	Keypress: left
195.8385 	EXP 	fixation: autoDraw = False
195.8385 	EXP 	grating: autoDraw = False
195.8388 	EXP 	window1: recordFrameIntervals = False
196.8144 	EXP 	fixation: autoDraw = True
197.8214 	EXP 	fixation: autoDraw = False
197.8383 	EXP 	grating: autoDraw = True
197.8383 	EXP 	grating: tex = 'sin'
198.1380 	EXP 	grating: autoDraw = False
198.2400 	EXP 	window1: recordFrameIntervals = False
198.2409 	DATA 	Keypress: left
198.2549 	EXP 	fixation: autoDraw = False
198.2549 	EXP 	grating: autoDraw = False
198.2552 	EXP 	window1: recordFrameIntervals = False
199.2307 	EXP 	fixation: autoDraw = True
200.2376 	EXP 	fixation: autoDraw = False
200.2541 	EXP 	grating: autoDraw = True
200.2541 	EXP 	grating: tex = 'sin'
200.5539 	EXP 	grating: autoDraw = False
200.7225 	EXP 	window1: recordFrameIntervals = False
200.7236 	DATA 	Keypress: left
200.7374 	EXP 	fixation: autoDraw = False
200.7374 	EXP 	grating: autoDraw = False
200.7376 	EXP 	window1: recordFrameIntervals = False
201.7127 	EXP 	fixation: autoDraw = True
202.7199 	EXP 	fixation: autoDraw = False
202.7367 	EXP 	grating: autoDraw = True
202.7367 	EXP 	grating: tex = 'sin'
203.0366 	EXP 	grating: autoDraw = False
203.1553 	EXP 	window1: recordFrameIntervals = False
203.1563 	DATA 	Keypress: left
203.1698 	EXP 	fixation: autoDraw = False
203.1698 	EXP 	grating: autoDraw = False
203.1699 	EXP 	window1: recordFrameIntervals = False
204.1447 	EXP 	fixation: autoDraw = True
205.1526 	EXP 	fixation: autoDraw = False
205.1697 	EXP 	grating: autoDraw = True
205.1697 	EXP 	grating: tex = 'sin'
205.4693 	EXP 	grating: autoDraw = False
205.5882 	EXP 	window1: recordFrameIntervals = False
205.5896 	DATA 	Keypress: right
205.6029 	EXP 	fixation: autoDraw = False
205.6029 	EXP 	grating: autoDraw = False
205.6032 	EXP 	window1: recordFrameIntervals = False
206.5787 	EXP 	fixation: autoDraw = True
207.5855 	EXP 	fixation: autoDraw = False
207.6023 	EXP 	grating: autoDraw = True
207.6023 	EXP 	grating: tex = 'sin'
207.9024 	EXP 	grating: autoDraw = False
208.0046 	EXP 	window1: recordFrameIntervals = False
208.0059 	DATA 	Keypress: left
208.0188 	EXP 	fixation: autoDraw = False
208.0188 	EXP 	grating: autoDraw = False
208.0191 	EXP 	window1: recordFrameIntervals = False
208.9941 	EXP 	fixation: autoDraw = True
210.0016 	EXP 	fixation: autoDraw = False
210.0183 	EXP 	grating: autoDraw = True
210.0183 	EXP 	grating: tex = 'sin'
210.3179 	EXP 	grating: autoDraw = False
210.4029 	EXP 	window1: recordFrameIntervals = False
210.4037 	DATA 	Keypress: right
210.4179 	EXP 	fixation: autoDraw = False
210.4179 	EXP 	grating: autoDraw = False
210.4182 	EXP 	window1: recordFrameIntervals = False
211.3931 	EXP 	fixation: autoDraw = True
212.4014 	EXP 	fixation: autoDraw = False
212.4181 	EXP 	grating: autoDraw = True
212.4181 	EXP 	grating: tex = 'sin'
212.7179 	EXP 	grating: autoDraw = False
212.8039 	EXP 	window1: recordFrameIntervals = False
212.8050 	DATA 	Keypress: left
212.8179 	EXP 	fixation: autoDraw = False
212.8179 	EXP 	grating: autoDraw = False
212.8181 	EXP 	window1: recordFrameIntervals = False
213.7935 	EXP 	fixation: autoDraw = True
214.8008 	EXP 	fixation: autoDraw = False
214.8175 	EXP 	grating: autoDraw = True
214.8175 	EXP 	grating: tex = 'sin'
215.1173 	EXP 	grating: autoDraw = False
215.1529 	EXP 	window1: recordFrameIntervals = False
215.1542 	DATA 	Keypress: right
215.1668 	EXP 	fixation: autoDraw = False
215.1668 	EXP 	grating: autoDraw = False
215.1669 	EXP 	window1: recordFrameIntervals = False
216.1429 	EXP 	fixation: autoDraw = True
217.1495 	EXP 	fixation: autoDraw = False
217.1666 	EXP 	grating: autoDraw = True
217.1666 	EXP 	grating: tex = 'sin'
217.4667 	EXP 	grating: autoDraw = False
217.5852 	EXP 	window1: recordFrameIntervals = False
217.5864 	DATA 	Keypress: right
217.5999 	EXP 	fixation: autoDraw = False
217.5999 	EXP 	grating: autoDraw = False
217.6001 	EXP 	window1: recordFrameIntervals = False
218.5757 	EXP 	fixation: autoDraw = True
219.5824 	EXP 	fixation: autoDraw = False
219.5995 	EXP 	grating: autoDraw = True
219.5995 	EXP 	grating: tex = 'sin'
219.8992 	EXP 	grating: autoDraw = False
220.0847 	EXP 	window1: recordFrameIntervals = False
220.0859 	DATA 	Keypress: left
220.0992 	EXP 	fixation: autoDraw = False
220.0992 	EXP 	grating: autoDraw = False
220.0994 	EXP 	window1: recordFrameIntervals = False
221.0740 	EXP 	fixation: autoDraw = True
222.0818 	EXP 	fixation: autoDraw = False
222.0987 	EXP 	grating: autoDraw = True
222.0987 	EXP 	grating: tex = 'sin'
222.3983 	EXP 	grating: autoDraw = False
222.4343 	EXP 	window1: recordFrameIntervals = False
222.4357 	DATA 	Keypress: right
222.4483 	EXP 	fixation: autoDraw = False
222.4483 	EXP 	grating: autoDraw = False
222.4486 	EXP 	window1: recordFrameIntervals = False
223.4251 	EXP 	fixation: autoDraw = True
224.4313 	EXP 	fixation: autoDraw = False
224.4480 	EXP 	grating: autoDraw = True
224.4480 	EXP 	grating: tex = 'sin'
224.7478 	EXP 	grating: autoDraw = False
224.7672 	EXP 	window1: recordFrameIntervals = False
224.7685 	DATA 	Keypress: right
224.7813 	EXP 	fixation: autoDraw = False
224.7813 	EXP 	grating: autoDraw = False
224.7815 	EXP 	window1: recordFrameIntervals = False
225.7578 	EXP 	fixation: autoDraw = True
226.7641 	EXP 	fixation: autoDraw = False
226.7810 	EXP 	grating: autoDraw = True
226.7810 	EXP 	grating: tex = 'sin'
227.0805 	EXP 	grating: autoDraw = False
227.1169 	EXP 	window1: recordFrameIntervals = False
227.1180 	DATA 	Keypress: right
227.1308 	EXP 	fixation: autoDraw = False
227.1308 	EXP 	grating: autoDraw = False
227.1311 	EXP 	window1: recordFrameIntervals = False
228.1076 	EXP 	fixation: autoDraw = True
229.1135 	EXP 	fixation: autoDraw = False
229.1302 	EXP 	grating: autoDraw = True
229.1302 	EXP 	grating: tex = 'sin'
229.4300 	EXP 	grating: autoDraw = False
229.5326 	EXP 	window1: recordFrameIntervals = False
229.5340 	DATA 	Keypress: left
229.5467 	EXP 	fixation: autoDraw = False
229.5467 	EXP 	grating: autoDraw = False
229.5470 	EXP 	window1: recordFrameIntervals = False
230.5217 	EXP 	fixation: autoDraw = True
231.5298 	EXP 	fixation: autoDraw = False
231.5467 	EXP 	grating: autoDraw = True
231.5467 	EXP 	grating: tex = 'sin'
231.8463 	EXP 	grating: autoDraw = False
231.8654 	EXP 	window1: recordFrameIntervals = False
231.8667 	DATA 	Keypress: right
231.8794 	EXP 	fixation: autoDraw = False
231.8794 	EXP 	grating: autoDraw = False
231.8796 	EXP 	window1: recordFrameIntervals = False
232.8558 	EXP 	fixation: autoDraw = True
233.8623 	EXP 	fixation: autoDraw = False
233.8793 	EXP 	grating: autoDraw = True
233.8793 	EXP 	grating: tex = 'sin'
234.1792 	EXP 	grating: autoDraw = False
234.2143 	EXP 	window1: recordFrameIntervals = False
234.2155 	DATA 	Keypress: right
234.2291 	EXP 	fixation: autoDraw = False
234.2291 	EXP 	grating: autoDraw = False
234.2293 	EXP 	window1: recordFrameIntervals = False
235.2040 	EXP 	fixation: autoDraw = True
236.2121 	EXP 	fixation: autoDraw = False
236.2286 	EXP 	grating: autoDraw = True
236.2286 	EXP 	grating: tex = 'sin'
236.5284 	EXP 	grating: autoDraw = False
236.6640 	EXP 	window1: recordFrameIntervals = False
236.6653 	DATA 	Keypress: left
236.6781 	EXP 	fixation: autoDraw = False
236.6781 	EXP 	grating: autoDraw = False
236.6784 	EXP 	window1: recordFrameIntervals = False
237.6540 	EXP 	fixation: autoDraw = True
238.6609 	EXP 	fixation: autoDraw = False
238.6777 	EXP 	grating: autoDraw = True
238.6777 	EXP 	grating: tex = 'sin'
238.9779 	EXP 	grating: autoDraw = False
239.1627 	EXP 	window1: recordFrameIntervals = False
239.1633 	DATA 	Keypress: left
239.1777 	EXP 	fixation: autoDraw = False
239.1777 	EXP 	grating: autoDraw = False
239.1779 	EXP 	window1: recordFrameIntervals = False
240.1529 	EXP 	fixation: autoDraw = True
241.1602 	EXP 	fixation: autoDraw = False
241.1775 	EXP 	grating: autoDraw = True
241.1775 	EXP 	grating: tex = 'sin'
241.4772 	EXP 	grating: autoDraw = False
241.6793 	EXP 	window1: recordFrameIntervals = False
241.6806 	DATA 	Keypress: left
241.6935 	EXP 	fixation: autoDraw = False
241.6935 	EXP 	grating: autoDraw = False
241.6938 	EXP 	window1: recordFrameIntervals = False
242.6680 	EXP 	fixation: autoDraw = True
243.6767 	EXP 	fixation: autoDraw = False
243.6936 	EXP 	grating: autoDraw = True
243.6936 	EXP 	grating: tex = 'sin'
243.9929 	EXP 	grating: autoDraw = False
244.3122 	EXP 	window1: recordFrameIntervals = False
244.3134 	DATA 	Keypress: right
244.3265 	EXP 	fixation: autoDraw = False
244.3265 	EXP 	grating: autoDraw = False
244.3268 	EXP 	window1: recordFrameIntervals = False
245.3016 	EXP 	fixation: autoDraw = True
246.3088 	EXP 	fixation: autoDraw = False
246.3257 	EXP 	grating: autoDraw = True
246.3257 	EXP 	grating: tex = 'sin'
246.6258 	EXP 	grating: autoDraw = False
246.7445 	EXP 	window1: recordFrameIntervals = False
246.7459 	DATA 	Keypress: right
246.7590 	EXP 	fixation: autoDraw = False
246.7590 	EXP 	grating: autoDraw = False
246.7593 	EXP 	window1: recordFrameIntervals = False
247.7339 	EXP 	fixation: autoDraw = True
248.7418 	EXP 	fixation: autoDraw = False
248.7585 	EXP 	grating: autoDraw = True
248.7585 	EXP 	grating: tex = 'sin'
249.0583 	EXP 	grating: autoDraw = False
249.2275 	EXP 	window1: recordFrameIntervals = False
249.2288 	DATA 	Keypress: right
249.2421 	EXP 	fixation: autoDraw = False
249.2421 	EXP 	grating: autoDraw = False
249.2423 	EXP 	window1: recordFrameIntervals = False
250.2176 	EXP 	fixation: autoDraw = True
251.2247 	EXP 	fixation: autoDraw = False
251.2414 	EXP 	grating: autoDraw = True
251.2414 	EXP 	grating: tex = 'sin'
251.5416 	EXP 	grating: autoDraw = False
251.7604 	EXP 	window1: recordFrameIntervals = False
251.7617 	DATA 	Keypress: left
251.7746 	EXP 	fixation: autoDraw = False
251.7746 	EXP 	grating: autoDraw = False
251.7750 	EXP 	window1: recordFrameIntervals = False
252.7497 	EXP 	fixation: autoDraw = True
253.7573 	EXP 	fixation: autoDraw = False
253.7741 	EXP 	grating: autoDraw = True
253.7741 	EXP 	grating: tex = 'sin'
254.0742 	EXP 	grating: autoDraw = False
254.2098 	EXP 	window1: recordFrameIntervals = False
254.2111 	DATA 	Keypress: left
254.2241 	EXP 	fixation: autoDraw = False
254.2241 	EXP 	grating: autoDraw = False
254.2243 	EXP 	window1: recordFrameIntervals = False
255.1994 	EXP 	fixation: autoDraw = True
256.2065 	EXP 	fixation: autoDraw = False
256.2237 	EXP 	grating: autoDraw = True
256.2237 	EXP 	grating: tex = 'sin'
256.5232 	EXP 	grating: autoDraw = False
256.6256 	EXP 	window1: recordFrameIntervals = False
256.6269 	DATA 	Keypress: left
256.6399 	EXP 	fixation: autoDraw = False
256.6399 	EXP 	grating: autoDraw = False
256.6402 	EXP 	window1: recordFrameIntervals = False
257.6146 	EXP 	fixation: autoDraw = True
258.6226 	EXP 	fixation: autoDraw = False
258.6394 	EXP 	grating: autoDraw = True
258.6394 	EXP 	grating: tex = 'sin'
258.9393 	EXP 	grating: autoDraw = False
259.1083 	EXP 	window1: recordFrameIntervals = False
259.1097 	DATA 	Keypress: left
259.1228 	EXP 	fixation: autoDraw = False
259.1228 	EXP 	grating: autoDraw = False
259.1230 	EXP 	window1: recordFrameIntervals = False
260.0971 	EXP 	fixation: autoDraw = True
261.1057 	EXP 	fixation: autoDraw = False
261.1226 	EXP 	grating: autoDraw = True
261.1226 	EXP 	grating: tex = 'sin'
261.4223 	EXP 	grating: autoDraw = False
261.6583 	EXP 	window1: recordFrameIntervals = False
261.6597 	DATA 	Keypress: right
261.6720 	EXP 	fixation: autoDraw = False
261.6720 	EXP 	grating: autoDraw = False
261.6722 	EXP 	window1: recordFrameIntervals = False
262.6487 	EXP 	fixation: autoDraw = True
263.6547 	EXP 	fixation: autoDraw = False
263.6717 	EXP 	grating: autoDraw = True
263.6717 	EXP 	grating: tex = 'sin'
263.9712 	EXP 	grating: autoDraw = False
264.0737 	EXP 	window1: recordFrameIntervals = False
264.0744 	DATA 	Keypress: right
264.0880 	EXP 	fixation: autoDraw = False
264.0880 	EXP 	grating: autoDraw = False
264.0882 	EXP 	window1: recordFrameIntervals = False
265.0630 	EXP 	fixation: autoDraw = True
266.0708 	EXP 	fixation: autoDraw = False
266.0880 	EXP 	grating: autoDraw = True
266.0880 	EXP 	grating: tex = 'sin'
266.3873 	EXP 	grating: autoDraw = False
266.5061 	EXP 	window1: recordFrameIntervals = False
266.5074 	DATA 	Keypress: left
266.5208 	EXP 	fixation: autoDraw = False
266.5208 	EXP 	grating: autoDraw = False
266.5211 	EXP 	window1: recordFrameIntervals = False
267.4961 	EXP 	fixation: autoDraw = True
268.5035 	EXP 	fixation: autoDraw = False
268.5204 	EXP 	grating: autoDraw = True
268.5204 	EXP 	grating: tex = 'sin'
268.8204 	EXP 	grating: autoDraw = False
268.9730 	EXP 	window1: recordFrameIntervals = False
268.9742 	DATA 	Keypress: left
268.9870 	EXP 	fixation: autoDraw = False
268.9870 	EXP 	grating: autoDraw = False
268.9872 	EXP 	window1: recordFrameIntervals = False
269.9633 	EXP 	fixation: autoDraw = True
270.9694 	EXP 	fixation: autoDraw = False
270.9865 	EXP 	grating: autoDraw = True
270.9865 	EXP 	grating: tex = 'sin'
271.2864 	EXP 	grating: autoDraw = False
271.3716 	EXP 	window1: recordFrameIntervals = False
271.3724 	DATA 	Keypress: right
271.3863 	EXP 	fixation: autoDraw = False
271.3863 	EXP 	grating: autoDraw = False
271.3865 	EXP 	window1: recordFrameIntervals = False
272.3621 	EXP 	fixation: autoDraw = True
273.3690 	EXP 	fixation: autoDraw = False
273.3861 	EXP 	grating: autoDraw = True
273.3861 	EXP 	grating: tex = 'sin'
273.6855 	EXP 	grating: autoDraw = False
273.8045 	EXP 	window1: recordFrameIntervals = False
273.8058 	DATA 	Keypress: left
273.8188 	EXP 	fixation: autoDraw = False
273.8188 	EXP 	grating: autoDraw = False
273.8191 	EXP 	window1: recordFrameIntervals = False
274.7939 	EXP 	fixation: autoDraw = True
275.8020 	EXP 	fixation: autoDraw = False
275.8185 	EXP 	grating: autoDraw = True
275.8185 	EXP 	grating: tex = 'sin'
276.1183 	EXP 	grating: autoDraw = False
276.1878 	EXP 	window1: recordFrameIntervals = False
276.1890 	DATA 	Keypress: right
276.2018 	EXP 	fixation: autoDraw = False
276.2018 	EXP 	grating: autoDraw = False
276.2020 	EXP 	window1: recordFrameIntervals = False
277.1776 	EXP 	fixation: autoDraw = True
278.1846 	EXP 	fixation: autoDraw = False
278.2014 	EXP 	grating: autoDraw = True
278.2014 	EXP 	grating: tex = 'sin'
278.5015 	EXP 	grating: autoDraw = False
278.6538 	EXP 	window1: recordFrameIntervals = False
278.6551 	DATA 	Keypress: left
278.6678 	EXP 	fixation: autoDraw = False
278.6678 	EXP 	grating: autoDraw = False
278.6681 	EXP 	window1: recordFrameIntervals = False
279.6439 	EXP 	fixation: autoDraw = True
280.6504 	EXP 	fixation: autoDraw = False
280.6673 	EXP 	grating: autoDraw = True
280.6673 	EXP 	grating: tex = 'sin'
280.9669 	EXP 	grating: autoDraw = False
281.0693 	EXP 	window1: recordFrameIntervals = False
281.0706 	DATA 	Keypress: left
281.0838 	EXP 	fixation: autoDraw = False
281.0838 	EXP 	grating: autoDraw = False
281.0840 	EXP 	window1: recordFrameIntervals = False
282.0592 	EXP 	fixation: autoDraw = True
283.0670 	EXP 	fixation: autoDraw = False
283.0834 	EXP 	grating: autoDraw = True
283.0834 	EXP 	grating: tex = 'sin'
283.3833 	EXP 	grating: autoDraw = False
283.3856 	DATA 	Keypress: right
283.3997 	EXP 	fixation: autoDraw = False
283.3997 	EXP 	grating: autoDraw = False
283.7072 	EXP 	window1: mouseVisible = True
